{"/workspace/ts-backend/backend2/src/utils/uuid.ts": {"path":"/workspace/ts-backend/backend2/src/utils/uuid.ts","statementMap":{"0":{"start":{"line":5,"column":19},"end":{"line":5,"column":34}},"1":{"start":{"line":6,"column":4},"end":{"line":6,"column":69}}},"fnMap":{"0":{"name":"uuid","decl":{"start":{"line":4,"column":18},"end":{"line":4,"column":22}},"loc":{"start":{"line":4,"column":33},"end":{"line":7,"column":3}},"line":4}},"branchMap":{},"s":{"0":1,"1":1},"f":{"0":1},"b":{},"_coverageSchema":"1a1c01bbd47fc00a2c39e90264f33305004495a9","hash":"100bb0261b7081e63073468d6c9c75f0cbcf25fc"}
}
