{"/workspace/ts-backend/backend2/src/Configuration.ts": {"path":"/workspace/ts-backend/backend2/src/Configuration.ts","statementMap":{"0":{"start":{"line":1,"column":18},"end":{"line":1,"column":39}},"1":{"start":{"line":2,"column":0},"end":{"line":2,"column":64}},"2":{"start":{"line":2,"column":24},"end":{"line":2,"column":64}},"3":{"start":{"line":5,"column":0},"end":{"line":5,"column":16}},"4":{"start":{"line":11,"column":4},"end":{"line":24,"column":6}},"5":{"start":{"line":28,"column":4},"end":{"line":42,"column":6}},"6":{"start":{"line":47,"column":4},"end":{"line":60,"column":6}},"7":{"start":{"line":65,"column":22},"end":{"line":65,"column":38}}},"fnMap":{"0":{"name":"(anonymous_0)","decl":{"start":{"line":10,"column":2},"end":{"line":10,"column":3}},"loc":{"start":{"line":10,"column":46},"end":{"line":25,"column":3}},"line":10},"1":{"name":"(anonymous_1)","decl":{"start":{"line":27,"column":2},"end":{"line":27,"column":3}},"loc":{"start":{"line":27,"column":53},"end":{"line":43,"column":3}},"line":27},"2":{"name":"(anonymous_2)","decl":{"start":{"line":46,"column":2},"end":{"line":46,"column":3}},"loc":{"start":{"line":46,"column":53},"end":{"line":61,"column":3}},"line":46}},"branchMap":{"0":{"loc":{"start":{"line":2,"column":0},"end":{"line":2,"column":64}},"type":"if","locations":[{"start":{"line":2,"column":0},"end":{"line":2,"column":64}},{"start":{"line":2,"column":0},"end":{"line":2,"column":64}}],"line":2}},"s":{"0":1,"1":1,"2":0,"3":1,"4":0,"5":0,"6":1,"7":1},"f":{"0":0,"1":0,"2":1},"b":{"0":[0,1]},"_coverageSchema":"1a1c01bbd47fc00a2c39e90264f33305004495a9","hash":"3909f455bd43bc01958c3595895ac665f7efecbb"}
,"/workspace/ts-backend/backend2/src/SGlobal.ts": {"path":"/workspace/ts-backend/backend2/src/SGlobal.ts","statementMap":{"0":{"start":{"line":5,"column":4},"end":{"line":5,"column":17}},"1":{"start":{"line":8,"column":4},"end":{"line":8,"column":17}},"2":{"start":{"line":11,"column":38},"end":{"line":11,"column":43}}},"fnMap":{"0":{"name":"(anonymous_0)","decl":{"start":{"line":4,"column":2},"end":{"line":4,"column":3}},"loc":{"start":{"line":4,"column":53},"end":{"line":6,"column":3}},"line":4},"1":{"name":"(anonymous_1)","decl":{"start":{"line":7,"column":2},"end":{"line":7,"column":3}},"loc":{"start":{"line":7,"column":57},"end":{"line":9,"column":3}},"line":7}},"branchMap":{},"s":{"0":0,"1":0,"2":1},"f":{"0":0,"1":0},"b":{},"_coverageSchema":"1a1c01bbd47fc00a2c39e90264f33305004495a9","hash":"5359b7585b3bfd15a9f28de9901ad91f31c7a69f"}
,"/workspace/ts-backend/backend2/src/backend.ts": {"path":"/workspace/ts-backend/backend2/src/backend.ts","statementMap":{"0":{"start":{"line":13,"column":4},"end":{"line":13,"column":34}},"1":{"start":{"line":15,"column":4},"end":{"line":15,"column":23}},"2":{"start":{"line":17,"column":4},"end":{"line":17,"column":39}},"3":{"start":{"line":19,"column":4},"end":{"line":19,"column":28}},"4":{"start":{"line":20,"column":4},"end":{"line":22,"column":7}},"5":{"start":{"line":21,"column":6},"end":{"line":21,"column":62}},"6":{"start":{"line":24,"column":4},"end":{"line":24,"column":29}},"7":{"start":{"line":35,"column":4},"end":{"line":35,"column":50}},"8":{"start":{"line":36,"column":4},"end":{"line":36,"column":43}},"9":{"start":{"line":37,"column":4},"end":{"line":37,"column":67}},"10":{"start":{"line":41,"column":4},"end":{"line":41,"column":45}},"11":{"start":{"line":43,"column":4},"end":{"line":43,"column":45}},"12":{"start":{"line":52,"column":4},"end":{"line":52,"column":27}},"13":{"start":{"line":59,"column":19},"end":{"line":59,"column":22}},"14":{"start":{"line":61,"column":4},"end":{"line":63,"column":5}},"15":{"start":{"line":62,"column":6},"end":{"line":62,"column":34}},"16":{"start":{"line":65,"column":4},"end":{"line":65,"column":42}},"17":{"start":{"line":66,"column":4},"end":{"line":66,"column":78}},"18":{"start":{"line":69,"column":4},"end":{"line":69,"column":75}}},"fnMap":{"0":{"name":"(anonymous_0)","decl":{"start":{"line":11,"column":2},"end":{"line":11,"column":3}},"loc":{"start":{"line":11,"column":16},"end":{"line":11,"column":18}},"line":11},"1":{"name":"(anonymous_1)","decl":{"start":{"line":12,"column":2},"end":{"line":12,"column":3}},"loc":{"start":{"line":12,"column":48},"end":{"line":25,"column":3}},"line":12},"2":{"name":"(anonymous_2)","decl":{"start":{"line":20,"column":49},"end":{"line":20,"column":50}},"loc":{"start":{"line":20,"column":55},"end":{"line":22,"column":5}},"line":20},"3":{"name":"(anonymous_3)","decl":{"start":{"line":34,"column":2},"end":{"line":34,"column":3}},"loc":{"start":{"line":34,"column":39},"end":{"line":38,"column":3}},"line":34},"4":{"name":"(anonymous_4)","decl":{"start":{"line":40,"column":2},"end":{"line":40,"column":3}},"loc":{"start":{"line":40,"column":23},"end":{"line":44,"column":3}},"line":40},"5":{"name":"(anonymous_5)","decl":{"start":{"line":45,"column":2},"end":{"line":45,"column":3}},"loc":{"start":{"line":51,"column":4},"end":{"line":53,"column":3}},"line":51},"6":{"name":"(anonymous_6)","decl":{"start":{"line":54,"column":2},"end":{"line":54,"column":3}},"loc":{"start":{"line":58,"column":4},"end":{"line":70,"column":3}},"line":58}},"branchMap":{"0":{"loc":{"start":{"line":61,"column":4},"end":{"line":63,"column":5}},"type":"if","locations":[{"start":{"line":61,"column":4},"end":{"line":63,"column":5}},{"start":{"line":61,"column":4},"end":{"line":63,"column":5}}],"line":61},"1":{"loc":{"start":{"line":66,"column":23},"end":{"line":66,"column":77}},"type":"cond-expr","locations":[{"start":{"line":66,"column":64},"end":{"line":66,"column":72}},{"start":{"line":66,"column":75},"end":{"line":66,"column":77}}],"line":66}},"s":{"0":1,"1":1,"2":1,"3":1,"4":1,"5":1,"6":1,"7":1,"8":1,"9":1,"10":1,"11":1,"12":0,"13":0,"14":0,"15":0,"16":0,"17":0,"18":0},"f":{"0":1,"1":1,"2":1,"3":1,"4":1,"5":0,"6":0},"b":{"0":[0,0],"1":[0,0]},"_coverageSchema":"1a1c01bbd47fc00a2c39e90264f33305004495a9","hash":"a47add2e3b3bc1559dd1b8c6cad31b9b99a7ea86"}
,"/workspace/ts-backend/backend2/src/controllers/user.controller.ts": {"path":"/workspace/ts-backend/backend2/src/controllers/user.controller.ts","statementMap":{"0":{"start":{"line":11,"column":16},"end":{"line":11,"column":18}},"1":{"start":{"line":12,"column":4},"end":{"line":21,"column":5}},"2":{"start":{"line":13,"column":20},"end":{"line":16,"column":18}},"3":{"start":{"line":17,"column":6},"end":{"line":17,"column":30}},"4":{"start":{"line":19,"column":6},"end":{"line":19,"column":18}},"5":{"start":{"line":20,"column":6},"end":{"line":20,"column":16}},"6":{"start":{"line":28,"column":21},"end":{"line":28,"column":31}},"7":{"start":{"line":29,"column":4},"end":{"line":37,"column":5}},"8":{"start":{"line":30,"column":19},"end":{"line":33,"column":17}},"9":{"start":{"line":34,"column":6},"end":{"line":34,"column":28}},"10":{"start":{"line":36,"column":6},"end":{"line":36,"column":14}}},"fnMap":{"0":{"name":"(anonymous_0)","decl":{"start":{"line":6,"column":2},"end":{"line":6,"column":3}},"loc":{"start":{"line":10,"column":4},"end":{"line":22,"column":3}},"line":10},"1":{"name":"(anonymous_1)","decl":{"start":{"line":23,"column":2},"end":{"line":23,"column":3}},"loc":{"start":{"line":27,"column":4},"end":{"line":38,"column":3}},"line":27}},"branchMap":{},"s":{"0":1,"1":1,"2":1,"3":1,"4":0,"5":0,"6":1,"7":1,"8":1,"9":1,"10":0},"f":{"0":1,"1":1},"b":{},"_coverageSchema":"1a1c01bbd47fc00a2c39e90264f33305004495a9","hash":"f3da01a07d0fd02d7ff2d476fd63f74f4ccc2c65"}
,"/workspace/ts-backend/backend2/src/entity/user.entity.ts": {"path":"/workspace/ts-backend/backend2/src/entity/user.entity.ts","statementMap":{},"fnMap":{},"branchMap":{},"s":{},"f":{},"b":{},"_coverageSchema":"1a1c01bbd47fc00a2c39e90264f33305004495a9","hash":"0268b947d3f961dfbe287081d13c827b16ccb1c2"}
,"/workspace/ts-backend/backend2/src/routes/index.ts": {"path":"/workspace/ts-backend/backend2/src/routes/index.ts","statementMap":{"0":{"start":{"line":1,"column":18},"end":{"line":1,"column":39}},"1":{"start":{"line":2,"column":0},"end":{"line":2,"column":64}},"2":{"start":{"line":2,"column":24},"end":{"line":2,"column":64}},"3":{"start":{"line":8,"column":15},"end":{"line":8,"column":31}},"4":{"start":{"line":9,"column":16},"end":{"line":9,"column":41}},"5":{"start":{"line":11,"column":0},"end":{"line":21,"column":5}},"6":{"start":{"line":14,"column":6},"end":{"line":16,"column":57}},"7":{"start":{"line":19,"column":18},"end":{"line":19,"column":46}},"8":{"start":{"line":20,"column":4},"end":{"line":20,"column":68}}},"fnMap":{"0":{"name":"(anonymous_0)","decl":{"start":{"line":13,"column":4},"end":{"line":13,"column":5}},"loc":{"start":{"line":14,"column":6},"end":{"line":16,"column":57}},"line":14},"1":{"name":"(anonymous_1)","decl":{"start":{"line":18,"column":11},"end":{"line":18,"column":12}},"loc":{"start":{"line":18,"column":32},"end":{"line":21,"column":3}},"line":18}},"branchMap":{"0":{"loc":{"start":{"line":2,"column":0},"end":{"line":2,"column":64}},"type":"if","locations":[{"start":{"line":2,"column":0},"end":{"line":2,"column":64}},{"start":{"line":2,"column":0},"end":{"line":2,"column":64}}],"line":2},"1":{"loc":{"start":{"line":14,"column":6},"end":{"line":16,"column":57}},"type":"binary-expr","locations":[{"start":{"line":14,"column":6},"end":{"line":14,"column":29}},{"start":{"line":15,"column":6},"end":{"line":15,"column":22}},{"start":{"line":16,"column":6},"end":{"line":16,"column":57}}],"line":14}},"s":{"0":1,"1":1,"2":0,"3":1,"4":1,"5":1,"6":2,"7":1,"8":1},"f":{"0":2,"1":1},"b":{"0":[0,1],"1":[2,2,1]},"_coverageSchema":"1a1c01bbd47fc00a2c39e90264f33305004495a9","hash":"82be69435cb41c374539e12e7cb9ea12b6e5a1f5"}
,"/workspace/ts-backend/backend2/src/routes/user.route.ts": {"path":"/workspace/ts-backend/backend2/src/routes/user.route.ts","statementMap":{"0":{"start":{"line":4,"column":19},"end":{"line":4,"column":35}},"1":{"start":{"line":5,"column":27},"end":{"line":5,"column":47}},"2":{"start":{"line":10,"column":4},"end":{"line":10,"column":50}},"3":{"start":{"line":11,"column":4},"end":{"line":11,"column":67}},"4":{"start":{"line":12,"column":4},"end":{"line":12,"column":23}}},"fnMap":{"0":{"name":"(anonymous_0)","decl":{"start":{"line":6,"column":2},"end":{"line":6,"column":3}},"loc":{"start":{"line":6,"column":16},"end":{"line":13,"column":3}},"line":6}},"branchMap":{},"s":{"0":1,"1":1,"2":1,"3":1,"4":1},"f":{"0":1},"b":{},"_coverageSchema":"1a1c01bbd47fc00a2c39e90264f33305004495a9","hash":"93f3c4b06e0d4764db4b9ee8645c0627a54f01ee"}
,"/workspace/ts-backend/backend2/src/utils/uuid.ts": {"path":"/workspace/ts-backend/backend2/src/utils/uuid.ts","statementMap":{"0":{"start":{"line":5,"column":19},"end":{"line":5,"column":34}},"1":{"start":{"line":6,"column":4},"end":{"line":6,"column":69}}},"fnMap":{"0":{"name":"uuid","decl":{"start":{"line":4,"column":18},"end":{"line":4,"column":22}},"loc":{"start":{"line":4,"column":33},"end":{"line":7,"column":3}},"line":4}},"branchMap":{},"s":{"0":1,"1":1},"f":{"0":1},"b":{},"_coverageSchema":"1a1c01bbd47fc00a2c39e90264f33305004495a9","hash":"100bb0261b7081e63073468d6c9c75f0cbcf25fc"}
}
