TN:
SF:src/Configuration.ts
FN:10,(anonymous_0)
FN:27,(anonymous_1)
FN:46,(anonymous_2)
FNF:3
FNH:1
FNDA:0,(anonymous_0)
FNDA:0,(anonymous_1)
FNDA:1,(anonymous_2)
DA:1,1
DA:2,1
DA:5,1
DA:11,0
DA:28,0
DA:47,1
DA:65,1
LF:7
LH:5
BRDA:2,0,0,0
BRDA:2,0,1,1
BRF:2
BRH:1
end_of_record
TN:
SF:src/SGlobal.ts
FN:4,(anonymous_0)
FN:7,(anonymous_1)
FNF:2
FNH:0
FNDA:0,(anonymous_0)
FNDA:0,(anonymous_1)
DA:5,0
DA:8,0
DA:11,1
LF:3
LH:1
BRF:0
BRH:0
end_of_record
TN:
SF:src/backend.ts
FN:11,(anonymous_0)
FN:12,(anonymous_1)
FN:20,(anonymous_2)
FN:34,(anonymous_3)
FN:40,(anonymous_4)
FN:45,(anonymous_5)
FN:54,(anonymous_6)
FNF:7
FNH:5
FNDA:1,(anonymous_0)
FNDA:1,(anonymous_1)
FNDA:1,(anonymous_2)
FNDA:1,(anonymous_3)
FNDA:1,(anonymous_4)
FNDA:0,(anonymous_5)
FNDA:0,(anonymous_6)
DA:13,1
DA:15,1
DA:17,1
DA:19,1
DA:20,1
DA:21,1
DA:24,1
DA:35,1
DA:36,1
DA:37,1
DA:41,1
DA:43,1
DA:52,0
DA:59,0
DA:61,0
DA:62,0
DA:65,0
DA:66,0
DA:69,0
LF:19
LH:12
BRDA:61,0,0,0
BRDA:61,0,1,0
BRDA:66,1,0,0
BRDA:66,1,1,0
BRF:4
BRH:0
end_of_record
TN:
SF:src/controllers/user.controller.ts
FN:6,(anonymous_0)
FN:23,(anonymous_1)
FNF:2
FNH:2
FNDA:1,(anonymous_0)
FNDA:1,(anonymous_1)
DA:11,1
DA:12,1
DA:13,1
DA:17,1
DA:19,0
DA:20,0
DA:28,1
DA:29,1
DA:30,1
DA:34,1
DA:36,0
LF:11
LH:8
BRF:0
BRH:0
end_of_record
TN:
SF:src/entity/user.entity.ts
FNF:0
FNH:0
LF:0
LH:0
BRF:0
BRH:0
end_of_record
TN:
SF:src/routes/index.ts
FN:13,(anonymous_0)
FN:18,(anonymous_1)
FNF:2
FNH:2
FNDA:2,(anonymous_0)
FNDA:1,(anonymous_1)
DA:1,1
DA:2,1
DA:8,1
DA:9,1
DA:11,1
DA:14,2
DA:19,1
DA:20,1
LF:8
LH:8
BRDA:2,0,0,0
BRDA:2,0,1,1
BRDA:14,1,0,2
BRDA:14,1,1,2
BRDA:14,1,2,1
BRF:5
BRH:4
end_of_record
TN:
SF:src/routes/user.route.ts
FN:6,(anonymous_0)
FNF:1
FNH:1
FNDA:1,(anonymous_0)
DA:4,1
DA:5,1
DA:10,1
DA:11,1
DA:12,1
LF:5
LH:5
BRF:0
BRH:0
end_of_record
TN:
SF:src/utils/uuid.ts
FN:4,uuid
FNF:1
FNH:1
FNDA:1,uuid
DA:5,1
DA:6,1
LF:2
LH:2
BRF:0
BRH:0
end_of_record
