TN:
SF:src/Configuration.ts
FN:10,(anonymous_0)
FN:27,(anonymous_1)
FN:46,(anonymous_2)
FNF:3
FNH:1
FNDA:0,(anonymous_0)
FNDA:0,(anonymous_1)
FNDA:1,(anonymous_2)
DA:1,1
DA:2,1
DA:5,1
DA:11,0
DA:28,0
DA:47,1
DA:65,1
LF:7
LH:5
BRDA:2,0,0,0
BRDA:2,0,1,1
BRF:2
BRH:1
end_of_record
TN:
SF:src/SGlobal.ts
FN:4,(anonymous_0)
FN:7,(anonymous_1)
FNF:2
FNH:0
FNDA:0,(anonymous_0)
FNDA:0,(anonymous_1)
DA:5,0
DA:8,0
DA:11,1
LF:3
LH:1
BRF:0
BRH:0
end_of_record
TN:
SF:src/backend.ts
FN:11,(anonymous_0)
FN:12,(anonymous_1)
FN:21,(anonymous_2)
FN:35,(anonymous_3)
FN:41,(anonymous_4)
FN:44,(anonymous_5)
FN:49,(anonymous_6)
FN:61,(anonymous_7)
FNF:8
FNH:5
FNDA:1,(anonymous_0)
FNDA:1,(anonymous_1)
FNDA:1,(anonymous_2)
FNDA:1,(anonymous_3)
FNDA:1,(anonymous_4)
FNDA:0,(anonymous_5)
FNDA:0,(anonymous_6)
FNDA:0,(anonymous_7)
DA:13,1
DA:15,1
DA:17,1
DA:21,1
DA:22,1
DA:25,1
DA:36,1
DA:37,1
DA:38,1
DA:42,1
DA:45,0
DA:47,0
DA:56,0
DA:57,0
DA:58,0
DA:66,0
DA:67,0
DA:69,0
DA:70,0
DA:77,0
LF:20
LH:10
BRDA:69,0,0,0
BRDA:69,0,1,0
BRF:2
BRH:0
end_of_record
TN:
SF:src/controllers/user.controller.ts
FN:8,(anonymous_0)
FN:16,(anonymous_1)
FNF:2
FNH:2
FNDA:1,(anonymous_0)
FNDA:2,(anonymous_1)
DA:9,1
DA:10,1
DA:11,1
DA:13,0
DA:17,2
DA:18,2
DA:19,2
DA:20,2
DA:21,1
DA:25,1
DA:27,1
DA:29,1
LF:12
LH:11
BRDA:20,0,0,1
BRDA:20,0,1,1
BRF:2
BRH:2
end_of_record
TN:
SF:src/entity/user.entity.ts
FN:33,(anonymous_0)
FNF:1
FNH:0
FNDA:0,(anonymous_0)
DA:35,0
DA:36,0
LF:2
LH:0
BRF:0
BRH:0
end_of_record
TN:
SF:src/providers/user.provider.ts
FN:6,store
FN:15,all
FN:22,find
FN:31,findById
FNF:4
FNH:2
FNDA:0,store
FNDA:1,all
FNDA:2,find
FNDA:0,findById
DA:7,0
DA:16,1
DA:23,2
DA:32,0
LF:4
LH:2
BRF:0
BRH:0
end_of_record
TN:
SF:src/routes/index.ts
FN:13,(anonymous_0)
FN:18,(anonymous_1)
FNF:2
FNH:2
FNDA:2,(anonymous_0)
FNDA:1,(anonymous_1)
DA:1,1
DA:2,1
DA:8,1
DA:9,1
DA:11,1
DA:14,2
DA:19,1
DA:20,1
LF:8
LH:8
BRDA:2,0,0,0
BRDA:2,0,1,1
BRDA:14,1,0,2
BRDA:14,1,1,2
BRDA:14,1,2,1
BRF:5
BRH:4
end_of_record
TN:
SF:src/routes/user.route.ts
FN:6,(anonymous_0)
FNF:1
FNH:1
FNDA:1,(anonymous_0)
DA:4,1
DA:5,1
DA:10,1
DA:11,1
DA:12,1
LF:5
LH:5
BRF:0
BRH:0
end_of_record
TN:
SF:src/utils/responseUtils.ts
FN:5,sendData
FN:8,sendError
FNF:2
FNH:2
FNDA:2,sendData
FNDA:1,sendError
DA:6,2
DA:12,1
DA:13,1
DA:14,1
DA:15,1
DA:21,1
LF:6
LH:6
BRF:0
BRH:0
end_of_record
TN:
SF:src/utils/uuid.ts
FN:4,uuid
FNF:1
FNH:1
FNDA:1,uuid
DA:5,1
DA:6,1
LF:2
LH:2
BRF:0
BRH:0
end_of_record
